<?xml version="1.0" encoding="UTF-8"?>
<!-- Generated by org.testng.reporters.JUnitXMLReporter -->
<testsuite hostname="HIPUNL68056" ignored="0" name="Command line test" tests="6" failures="0" timestamp="2020-05-28T20:57:01 IST" time="0.099" errors="0">
  <testcase name="AndriodApp" time="0.008" classname="MavenTestJava.AppiumTest"/>
  <testcase name="IOSApp" time="0.0" classname="MavenTestJava.AppiumTest"/>
  <testcase name="PostJira" time="0.001" classname="MavenTestJava.RestAPITest"/>
  <testcase name="deleteJira" time="0.0" classname="MavenTestJava.RestAPITest"/>
  <testcase name="ElementsUI" time="0.0" classname="MavenTestJava.SeleniumTest"/>
  <testcase name="browserAutomation" time="0.0" classname="MavenTestJava.SeleniumTest"/>
</testsuite> <!-- Command line test -->
