<?xml version="1.0" encoding="UTF-8"?>
<!-- Generated by org.testng.reporters.JUnitXMLReporter -->
<testsuite hostname="HIPUNL68056" ignored="0" name="Test" tests="4" failures="0" timestamp="2020-05-28T20:58:03 IST" time="0.106" errors="0">
  <testcase name="ElementsUI" time="0.014" classname="MavenTestJava.SeleniumTest"/>
  <testcase name="browserAutomation" time="0.0" classname="MavenTestJava.SeleniumTest"/>
  <testcase name="PostJira" time="0.001" classname="MavenTestJava.RestAPITest"/>
  <testcase name="deleteJira" time="0.001" classname="MavenTestJava.RestAPITest"/>
</testsuite> <!-- Test -->
